<?xml version="1.0" encoding="UTF-8"?>
<!-- Generated by org.testng.reporters.JUnitReportReporter -->
<testsuite skipped="0" hostname="PRFT-12980" name="com.herokuapp.theinternet.LinkCheckerTest" tests="1" failures="0" timestamp="2020-10-29T10:48:26 EDT" time="24.715" errors="0">
  <testcase name="checkLinks" time="24.715" classname="com.herokuapp.theinternet.LinkCheckerTest"/>
  <system-out/>
</testsuite> <!-- com.herokuapp.theinternet.LinkCheckerTest -->
