<?xml version="1.0" encoding="UTF-8"?>
<!-- Generated by org.testng.reporters.JUnitReportReporter -->
<testsuite skipped="0" hostname="PRFT-12980" name="com.herokuapp.theinternet.NegativeTests" tests="1" failures="0" timestamp="2020-10-29T10:48:26 EDT" time="19.455" errors="0">
  <testcase name="incorrectUsernameTest" time="19.455" classname="com.herokuapp.theinternet.NegativeTests"/>
  <system-out/>
</testsuite> <!-- com.herokuapp.theinternet.NegativeTests -->
