<?xml version="1.0" encoding="UTF-8"?>
<!-- Generated by org.testng.reporters.JUnitReportReporter -->
<testsuite skipped="0" hostname="PRFT-12980" name="com.herokuapp.theinternet.LinkCheckerTest" tests="1" failures="0" timestamp="2020-10-20T13:08:24 EDT" time="26.150" errors="0">
  <testcase name="checkLinks" time="26.150" classname="com.herokuapp.theinternet.LinkCheckerTest"/>
  <system-out/>
</testsuite> <!-- com.herokuapp.theinternet.LinkCheckerTest -->
