<?xml version="1.0" encoding="UTF-8"?>
<!-- Generated by org.testng.reporters.JUnitReportReporter -->
<testsuite skipped="0" hostname="PRFT-12980" name="com.herokuapp.theinternet.PositiveTests" tests="1" failures="0" timestamp="2020-10-29T10:48:26 EDT" time="21.573" errors="0">
  <testcase name="logintest" time="21.573" classname="com.herokuapp.theinternet.PositiveTests"/>
  <system-out/>
</testsuite> <!-- com.herokuapp.theinternet.PositiveTests -->
