<?xml version="1.0" encoding="UTF-8"?>
<!-- Generated by org.testng.reporters.JUnitReportReporter -->
<testsuite skipped="0" hostname="PRFT-12980" name="com.herokuapp.theinternet.PositiveTests" tests="1" failures="0" timestamp="2020-10-14T13:23:58 EDT" time="19.636" errors="0">
  <testcase name="logintest" time="19.636" classname="com.herokuapp.theinternet.PositiveTests"/>
  <system-out/>
</testsuite> <!-- com.herokuapp.theinternet.PositiveTests -->
